#
# There is insufficient memory for the Java Runtime Environment to continue.
# Native memory allocation (malloc) failed to allocate 32784 bytes for Chunk::new
# Possible reasons:
#   The system is out of physical RAM or swap space
#   The process is running with CompressedOops enabled, and the Java Heap may be blocking the growth of the native heap
# Possible solutions:
#   Reduce memory load on the system
#   Increase physical memory or swap space
#   Check if swap backing store is full
#   Decrease Java heap size (-Xmx/-Xms)
#   Decrease number of Java threads
#   Decrease Java thread stack sizes (-Xss)
#   Set larger code cache with -XX:ReservedCodeCacheSize=
#   JVM is running with Unscaled Compressed Oops mode in which the Java heap is
#     placed in the first 4GB address space. The Java Heap base address is the
#     maximum limit for the native heap growth. Please use -XX:HeapBaseMinAddress
#     to set the Java Heap base and to place the Java Heap above 4GB virtual address.
# This output file may be truncated or incomplete.
#
#  Out of Memory Error (allocation.cpp:389), pid=3676, tid=0x0000000000000964
#
# JRE version: Java(TM) SE Runtime Environment (8.0_261-b12) (build 1.8.0_261-b12)
# Java VM: Java HotSpot(TM) 64-Bit Server VM (25.261-b12 mixed mode windows-amd64 compressed oops)
# Failed to write core dump. Minidumps are not enabled by default on client versions of Windows
#

---------------  T H R E A D  ---------------

Current thread (0x0000000054e2c000):  JavaThread "C2 CompilerThread0" daemon [_thread_in_native, id=2404, stack(0x0000000056700000,0x0000000056800000)]

Stack: [0x0000000056700000,0x0000000056800000]
Native frames: (J=compiled Java code, j=interpreted, Vv=VM code, C=native code)
V  [jvm.dll+0x33e5f9]


Current CompileTask:
C2:  11751 1831       4       com.sun.prism.impl.ps.BaseShaderContext::checkState (208 bytes)


---------------  P R O C E S S  ---------------

Java Threads: ( => current thread )
  0x000000005d62e000 JavaThread "Timer-3" daemon [_thread_blocked, id=9968, stack(0x0000000061de0000,0x0000000061ee0000)]
  0x0000000054e36800 JavaThread "Prism Font Disposer" daemon [_thread_blocked, id=7960, stack(0x0000000060180000,0x0000000060280000)]
  0x0000000054e39800 JavaThread "Timer-0" [_thread_blocked, id=3232, stack(0x000000005e280000,0x000000005e380000)]
  0x0000000054e3b800 JavaThread "JFXMedia Player EventQueueThread" daemon [_thread_blocked, id=9816, stack(0x000000005c810000,0x000000005c910000)]
  0x0000000054e3a000 JavaThread "JFXMedia Player EventQueueThread" daemon [_thread_blocked, id=3204, stack(0x000000005af70000,0x000000005b070000)]
  0x0000000054e38000 JavaThread "JFXMedia Player EventQueueThread" daemon [_thread_blocked, id=10956, stack(0x000000005bcb0000,0x000000005bdb0000)]
  0x0000000059363000 JavaThread "JFXMedia Player EventQueueThread" daemon [_thread_blocked, id=9404, stack(0x000000005b660000,0x000000005b760000)]
  0x0000000059329000 JavaThread "Java2D Disposer" daemon [_thread_blocked, id=10660, stack(0x000000005b4d0000,0x000000005b5d0000)]
  0x0000000056fe7000 JavaThread "Media Resource Disposer" daemon [_thread_blocked, id=5268, stack(0x000000005ae60000,0x000000005af60000)]
  0x000000005912d800 JavaThread "JFXMedia Player EventQueueThread" daemon [_thread_blocked, id=6456, stack(0x0000000059ca0000,0x0000000059da0000)]
  0x00000000590cb800 JavaThread "JavaFX-Launcher" [_thread_blocked, id=4460, stack(0x0000000059b50000,0x0000000059c50000)]
  0x0000000056fd1800 JavaThread "Thread-2" daemon [_thread_in_native, id=10512, stack(0x0000000059a50000,0x0000000059b50000)]
  0x0000000056f89800 JavaThread "JavaFX Application Thread" [_thread_blocked, id=696, stack(0x0000000057710000,0x0000000057810000)]
  0x0000000056f7b000 JavaThread "Thread-1" daemon [_thread_blocked, id=9328, stack(0x0000000057540000,0x0000000057640000)]
  0x0000000056f37800 JavaThread "QuantumRenderer-0" daemon [_thread_in_native, id=7940, stack(0x0000000057230000,0x0000000057330000)]
  0x0000000054eae000 JavaThread "Service Thread" daemon [_thread_blocked, id=5888, stack(0x00000000569b0000,0x0000000056ab0000)]
  0x0000000054e35000 JavaThread "C1 CompilerThread2" daemon [_thread_blocked, id=4032, stack(0x0000000056510000,0x0000000056610000)]
  0x0000000054e34000 JavaThread "C2 CompilerThread1" daemon [_thread_in_native, id=10880, stack(0x0000000056810000,0x0000000056910000)]
=>0x0000000054e2c000 JavaThread "C2 CompilerThread0" daemon [_thread_in_native, id=2404, stack(0x0000000056700000,0x0000000056800000)]
  0x0000000054e21000 JavaThread "Attach Listener" daemon [_thread_blocked, id=9300, stack(0x0000000056280000,0x0000000056380000)]
  0x0000000054e23000 JavaThread "Signal Dispatcher" daemon [_thread_blocked, id=3492, stack(0x0000000056410000,0x0000000056510000)]
  0x0000000054dfe800 JavaThread "Finalizer" daemon [_thread_blocked, id=2552, stack(0x0000000055f10000,0x0000000056010000)]
  0x0000000054db6800 JavaThread "Reference Handler" daemon [_thread_blocked, id=4808, stack(0x00000000560c0000,0x00000000561c0000)]
  0x0000000000413000 JavaThread "main" [_thread_blocked, id=9552, stack(0x0000000002250000,0x0000000002350000)]

Other Threads:
  0x0000000054dae000 VMThread [stack: 0x0000000055e10000,0x0000000055f10000] [id=1332]
  0x0000000054ed8800 WatcherThread [stack: 0x0000000056b40000,0x0000000056c40000] [id=3672]

VM state:not at safepoint (normal execution)

VM Mutex/Monitor currently owned by a thread: None

heap address: 0x00000000c1600000, size: 1002 MB, Compressed Oops mode: 32-bit
Narrow klass base: 0x0000000000000000, Narrow klass shift: 0
Compressed class space size: 1073741824 Address: 0x00000000144f0000

Heap:
 PSYoungGen      total 139776K, used 73730K [0x00000000eb200000, 0x00000000f3d80000, 0x0000000100000000)
  eden space 136704K, 53% used [0x00000000eb200000,0x00000000ef9e0998,0x00000000f3780000)
  from space 3072K, 4% used [0x00000000f3780000,0x00000000f37a0000,0x00000000f3a80000)
  to   space 3072K, 0% used [0x00000000f3a80000,0x00000000f3a80000,0x00000000f3d80000)
 ParOldGen       total 44032K, used 6734K [0x00000000c1600000, 0x00000000c4100000, 0x00000000eb200000)
  object space 44032K, 15% used [0x00000000c1600000,0x00000000c1c93ae8,0x00000000c4100000)
 Metaspace       used 14746K, capacity 15254K, committed 15488K, reserved 1062912K
  class space    used 1895K, capacity 2054K, committed 2176K, reserved 1048576K

Card table byte_map: [0x00000000119e0000,0x0000000011be0000] byte_map_base: 0x00000000113d5000

Marking Bits: (ParMarkBitMap*) 0x00000000720b4fb0
 Begin Bits: [0x00000000123a0000, 0x0000000013348000)
 End Bits:   [0x0000000013348000, 0x00000000142f0000)

Polling page: 0x0000000000120000

CodeCache: size=245760Kb used=5074Kb max_used=5085Kb free=240685Kb
 bounds [0x0000000002620000, 0x0000000002b20000, 0x0000000011620000]
 total_blobs=2351 nmethods=1698 adapters=564
 compilation: enabled

Compilation events (10 events):
Event: 11.668 Thread 0x0000000054e35000 nmethod 1827 0x0000000002b129d0 code [0x0000000002b12ba0, 0x0000000002b13608]
Event: 11.677 Thread 0x0000000054e2c000 1831       4       com.sun.prism.impl.ps.BaseShaderContext::checkState (208 bytes)
Event: 11.678 Thread 0x0000000054e34000 nmethod 1830 0x0000000002b19c10 code [0x0000000002b19e20, 0x0000000002b1a338]
Event: 11.701 Thread 0x0000000054e34000 1832       4       com.sun.prism.impl.ps.BaseShaderContext::updatePerVertexColor (38 bytes)
Event: 11.707 Thread 0x0000000054e34000 nmethod 1832 0x0000000002b117d0 code [0x0000000002b11940, 0x0000000002b11af8]
Event: 11.707 Thread 0x0000000054e34000 1833       4       com.sun.javafx.sg.prism.GrowableDataBuffer::getObject (37 bytes)
Event: 11.710 Thread 0x0000000054e34000 nmethod 1833 0x0000000002b01010 code [0x0000000002b01140, 0x0000000002b011f8]
Event: 11.714 Thread 0x0000000054e35000 1834       1       uet.oop.bomberman.entities.stillsobject.Wall::update (1 bytes)
Event: 11.714 Thread 0x0000000054e35000 nmethod 1834 0x0000000002b10990 code [0x0000000002b10ae0, 0x0000000002b10bf0]
Event: 11.715 Thread 0x0000000054e34000 1835       4       javafx.scene.canvas.GraphicsContext::writeImage (59 bytes)

GC Heap History (10 events):
Event: 10.679 GC heap before
{Heap before GC invocations=49 (full 0):
 PSYoungGen      total 139776K, used 136768K [0x00000000eb200000, 0x00000000f3d80000, 0x0000000100000000)
  eden space 136704K, 100% used [0x00000000eb200000,0x00000000f3780000,0x00000000f3780000)
  from space 3072K, 2% used [0x00000000f3a80000,0x00000000f3a90000,0x00000000f3d80000)
  to   space 3072K, 0% used [0x00000000f3780000,0x00000000f3780000,0x00000000f3a80000)
 ParOldGen       total 44032K, used 6409K [0x00000000c1600000, 0x00000000c4100000, 0x00000000eb200000)
  object space 44032K, 14% used [0x00000000c1600000,0x00000000c1c42408,0x00000000c4100000)
 Metaspace       used 14610K, capacity 15096K, committed 15488K, reserved 1062912K
  class space    used 1892K, capacity 2049K, committed 2176K, reserved 1048576K
Event: 10.681 GC heap after
Heap after GC invocations=49 (full 0):
 PSYoungGen      total 139776K, used 64K [0x00000000eb200000, 0x00000000f3d80000, 0x0000000100000000)
  eden space 136704K, 0% used [0x00000000eb200000,0x00000000eb200000,0x00000000f3780000)
  from space 3072K, 2% used [0x00000000f3780000,0x00000000f3790000,0x00000000f3a80000)
  to   space 3072K, 0% used [0x00000000f3a80000,0x00000000f3a80000,0x00000000f3d80000)
 ParOldGen       total 44032K, used 6417K [0x00000000c1600000, 0x00000000c4100000, 0x00000000eb200000)
  object space 44032K, 14% used [0x00000000c1600000,0x00000000c1c44408,0x00000000c4100000)
 Metaspace       used 14610K, capacity 15096K, committed 15488K, reserved 1062912K
  class space    used 1892K, capacity 2049K, committed 2176K, reserved 1048576K
}
Event: 10.772 GC heap before
{Heap before GC invocations=50 (full 0):
 PSYoungGen      total 139776K, used 136768K [0x00000000eb200000, 0x00000000f3d80000, 0x0000000100000000)
  eden space 136704K, 100% used [0x00000000eb200000,0x00000000f3780000,0x00000000f3780000)
  from space 3072K, 2% used [0x00000000f3780000,0x00000000f3790000,0x00000000f3a80000)
  to   space 3072K, 0% used [0x00000000f3a80000,0x00000000f3a80000,0x00000000f3d80000)
 ParOldGen       total 44032K, used 6417K [0x00000000c1600000, 0x00000000c4100000, 0x00000000eb200000)
  object space 44032K, 14% used [0x00000000c1600000,0x00000000c1c44408,0x00000000c4100000)
 Metaspace       used 14610K, capacity 15096K, committed 15488K, reserved 1062912K
  class space    used 1892K, capacity 2049K, committed 2176K, reserved 1048576K
Event: 10.774 GC heap after
Heap after GC invocations=50 (full 0):
 PSYoungGen      total 139776K, used 64K [0x00000000eb200000, 0x00000000f3d80000, 0x0000000100000000)
  eden space 136704K, 0% used [0x00000000eb200000,0x00000000eb200000,0x00000000f3780000)
  from space 3072K, 2% used [0x00000000f3a80000,0x00000000f3a90000,0x00000000f3d80000)
  to   space 3072K, 0% used [0x00000000f3780000,0x00000000f3780000,0x00000000f3a80000)
 ParOldGen       total 44032K, used 6417K [0x00000000c1600000, 0x00000000c4100000, 0x00000000eb200000)
  object space 44032K, 14% used [0x00000000c1600000,0x00000000c1c44408,0x00000000c4100000)
 Metaspace       used 14610K, capacity 15096K, committed 15488K, reserved 1062912K
  class space    used 1892K, capacity 2049K, committed 2176K, reserved 1048576K
}
Event: 10.854 GC heap before
{Heap before GC invocations=51 (full 0):
 PSYoungGen      total 139776K, used 136768K [0x00000000eb200000, 0x00000000f3d80000, 0x0000000100000000)
  eden space 136704K, 100% used [0x00000000eb200000,0x00000000f3780000,0x00000000f3780000)
  from space 3072K, 2% used [0x00000000f3a80000,0x00000000f3a90000,0x00000000f3d80000)
  to   space 3072K, 0% used [0x00000000f3780000,0x00000000f3780000,0x00000000f3a80000)
 ParOldGen       total 44032K, used 6417K [0x00000000c1600000, 0x00000000c4100000, 0x00000000eb200000)
  object space 44032K, 14% used [0x00000000c1600000,0x00000000c1c44408,0x00000000c4100000)
 Metaspace       used 14610K, capacity 15096K, committed 15488K, reserved 1062912K
  class space    used 1892K, capacity 2049K, committed 2176K, reserved 1048576K
Event: 10.856 GC heap after
Heap after GC invocations=51 (full 0):
 PSYoungGen      total 139776K, used 64K [0x00000000eb200000, 0x00000000f3d80000, 0x0000000100000000)
  eden space 136704K, 0% used [0x00000000eb200000,0x00000000eb200000,0x00000000f3780000)
  from space 3072K, 2% used [0x00000000f3780000,0x00000000f3790000,0x00000000f3a80000)
  to   space 3072K, 0% used [0x00000000f3a80000,0x00000000f3a80000,0x00000000f3d80000)
 ParOldGen       total 44032K, used 6417K [0x00000000c1600000, 0x00000000c4100000, 0x00000000eb200000)
  object space 44032K, 14% used [0x00000000c1600000,0x00000000c1c44408,0x00000000c4100000)
 Metaspace       used 14610K, capacity 15096K, committed 15488K, reserved 1062912K
  class space    used 1892K, capacity 2049K, committed 2176K, reserved 1048576K
}
Event: 11.369 GC heap before
{Heap before GC invocations=52 (full 0):
 PSYoungGen      total 139776K, used 136768K [0x00000000eb200000, 0x00000000f3d80000, 0x0000000100000000)
  eden space 136704K, 100% used [0x00000000eb200000,0x00000000f3780000,0x00000000f3780000)
  from space 3072K, 2% used [0x00000000f3780000,0x00000000f3790000,0x00000000f3a80000)
  to   space 3072K, 0% used [0x00000000f3a80000,0x00000000f3a80000,0x00000000f3d80000)
 ParOldGen       total 44032K, used 6418K [0x00000000c1600000, 0x00000000c4100000, 0x00000000eb200000)
  object space 44032K, 14% used [0x00000000c1600000,0x00000000c1c44ab0,0x00000000c4100000)
 Metaspace       used 14702K, capacity 15190K, committed 15488K, reserved 1062912K
  class space    used 1895K, capacity 2054K, committed 2176K, reserved 1048576K
Event: 11.372 GC heap after
Heap after GC invocations=52 (full 0):
 PSYoungGen      total 139776K, used 368K [0x00000000eb200000, 0x00000000f3d80000, 0x0000000100000000)
  eden space 136704K, 0% used [0x00000000eb200000,0x00000000eb200000,0x00000000f3780000)
  from space 3072K, 11% used [0x00000000f3a80000,0x00000000f3adc010,0x00000000f3d80000)
  to   space 3072K, 0% used [0x00000000f3780000,0x00000000f3780000,0x00000000f3a80000)
 ParOldGen       total 44032K, used 6426K [0x00000000c1600000, 0x00000000c4100000, 0x00000000eb200000)
  object space 44032K, 14% used [0x00000000c1600000,0x00000000c1c46ab0,0x00000000c4100000)
 Metaspace       used 14702K, capacity 15190K, committed 15488K, reserved 1062912K
  class space    used 1895K, capacity 2054K, committed 2176K, reserved 1048576K
}
Event: 11.634 GC heap before
{Heap before GC invocations=53 (full 0):
 PSYoungGen      total 139776K, used 137072K [0x00000000eb200000, 0x00000000f3d80000, 0x0000000100000000)
  eden space 136704K, 100% used [0x00000000eb200000,0x00000000f3780000,0x00000000f3780000)
  from space 3072K, 11% used [0x00000000f3a80000,0x00000000f3adc010,0x00000000f3d80000)
  to   space 3072K, 0% used [0x00000000f3780000,0x00000000f3780000,0x00000000f3a80000)
 ParOldGen       total 44032K, used 6430K [0x00000000c1600000, 0x00000000c4100000, 0x00000000eb200000)
  object space 44032K, 14% used [0x00000000c1600000,0x00000000c1c47978,0x00000000c4100000)
 Metaspace       used 14746K, capacity 15254K, committed 15488K, reserved 1062912K
  class space    used 1895K, capacity 2054K, committed 2176K, reserved 1048576K
Event: 11.636 GC heap after
Heap after GC invocations=53 (full 0):
 PSYoungGen      total 139776K, used 128K [0x00000000eb200000, 0x00000000f3d80000, 0x0000000100000000)
  eden space 136704K, 0% used [0x00000000eb200000,0x00000000eb200000,0x00000000f3780000)
  from space 3072K, 4% used [0x00000000f3780000,0x00000000f37a0000,0x00000000f3a80000)
  to   space 3072K, 0% used [0x00000000f3a80000,0x00000000f3a80000,0x00000000f3d80000)
 ParOldGen       total 44032K, used 6734K [0x00000000c1600000, 0x00000000c4100000, 0x00000000eb200000)
  object space 44032K, 15% used [0x00000000c1600000,0x00000000c1c93ae8,0x00000000c4100000)
 Metaspace       used 14746K, capacity 15254K, committed 15488K, reserved 1062912K
  class space    used 1895K, capacity 2054K, committed 2176K, reserved 1048576K
}

Deoptimization events (4 events):
Event: 1.215 Thread 0x0000000056f89800 Uncommon trap: reason=unstable_if action=reinterpret pc=0x00000000027c96b8 method=java.lang.String.replace(CC)Ljava/lang/String; @ 26
Event: 2.348 Thread 0x0000000056f89800 Uncommon trap: reason=unstable_if action=reinterpret pc=0x000000000280d778 method=java.lang.String.indexOf([CII[CIII)I @ 3
Event: 4.756 Thread 0x0000000056f89800 Uncommon trap: reason=unstable_if action=reinterpret pc=0x00000000029956a4 method=jdk.internal.org.objectweb.asm.Type.getArgumentsAndReturnSizes(Ljava/lang/String;)I @ 47
Event: 10.899 Thread 0x0000000056f37800 Uncommon trap: reason=unstable_if action=reinterpret pc=0x000000000272b834 method=java.lang.Math.round(F)I @ 23

Classes redefined (0 events):
No events

Internal exceptions (10 events):
Event: 0.491 Thread 0x0000000000413000 Exception <a 'java/lang/NoSuchFieldError': method resolution failed> (0x00000000eb3c8d40) thrown at [C:\jenkins\workspace\8-2-build-windows-amd64-cygwin\jdk8u261\295\hotspot\src\share\vm\prims\methodHandles.cpp, line 1169]
Event: 0.497 Thread 0x0000000000413000 Exception <a 'java/lang/NoSuchFieldError': method resolution failed> (0x00000000eb3d60c0) thrown at [C:\jenkins\workspace\8-2-build-windows-amd64-cygwin\jdk8u261\295\hotspot\src\share\vm\prims\methodHandles.cpp, line 1169]
Event: 0.580 Thread 0x0000000000413000 Exception <a 'java/security/PrivilegedActionException'> (0x00000000eb460678) thrown at [C:\jenkins\workspace\8-2-build-windows-amd64-cygwin\jdk8u261\295\hotspot\src\share\vm\prims\jvm.cpp, line 1512]
Event: 0.580 Thread 0x0000000000413000 Exception <a 'java/security/PrivilegedActionException'> (0x00000000eb460888) thrown at [C:\jenkins\workspace\8-2-build-windows-amd64-cygwin\jdk8u261\295\hotspot\src\share\vm\prims\jvm.cpp, line 1512]
Event: 0.583 Thread 0x0000000000413000 Exception <a 'java/security/PrivilegedActionException'> (0x00000000eb4644f8) thrown at [C:\jenkins\workspace\8-2-build-windows-amd64-cygwin\jdk8u261\295\hotspot\src\share\vm\prims\jvm.cpp, line 1512]
Event: 0.583 Thread 0x0000000000413000 Exception <a 'java/security/PrivilegedActionException'> (0x00000000eb464708) thrown at [C:\jenkins\workspace\8-2-build-windows-amd64-cygwin\jdk8u261\295\hotspot\src\share\vm\prims\jvm.cpp, line 1512]
Event: 0.584 Thread 0x0000000000413000 Exception <a 'java/lang/NullPointerException'> (0x00000000eb464ce0) thrown at [C:\jenkins\workspace\8-2-build-windows-amd64-cygwin\jdk8u261\295\hotspot\src\share\vm\interpreter\linkResolver.cpp, line 1185]
Event: 2.253 Thread 0x0000000056f89800 Exception <a 'java/io/FileNotFoundException'> (0x00000000eb568a90) thrown at [C:\jenkins\workspace\8-2-build-windows-amd64-cygwin\jdk8u261\295\hotspot\src\share\vm\prims\jni.cpp, line 710]
Event: 4.101 Thread 0x0000000056f89800 Exception <a 'java/lang/NullPointerException'> (0x00000000eb575bc8) thrown at [C:\jenkins\workspace\8-2-build-windows-amd64-cygwin\jdk8u261\295\hotspot\src\share\vm\interpreter\linkResolver.cpp, line 1185]
Event: 4.101 Thread 0x0000000056f89800 Exception <a 'java/lang/NullPointerException'> (0x00000000eb575bc8) thrown at [C:\jenkins\workspace\8-2-build-windows-amd64-cygwin\jdk8u261\295\hotspot\src\share\vm\prims\jvm.cpp, line 1516]

Events (10 events):
Event: 11.733 Thread 0x000000005d1fb800 Thread added: 0x000000005d1fb800
Event: 11.734 Thread 0x000000005d1fb800 Thread exited: 0x000000005d1fb800
Event: 11.735 Thread 0x000000005d1fb800 Thread added: 0x000000005d1fb800
Event: 11.736 Thread 0x000000005d1fb800 Thread exited: 0x000000005d1fb800
Event: 11.736 Thread 0x000000005d1fb800 Thread added: 0x000000005d1fb800
Event: 11.736 Thread 0x000000005d1fb800 Thread exited: 0x000000005d1fb800
Event: 11.737 Thread 0x00000000597d4000 Thread added: 0x00000000597d4000
Event: 11.738 Thread 0x00000000597d4000 Thread exited: 0x00000000597d4000
Event: 11.738 Thread 0x00000000597d4000 Thread added: 0x00000000597d4000
Event: 11.738 Thread 0x00000000597d4000 Thread exited: 0x00000000597d4000


Dynamic libraries:
0x000000013f510000 - 0x000000013f557000 	C:\Program Files\Java\jre1.8.0_261\bin\javaw.exe
0x0000000076e40000 - 0x0000000076fdf000 	C:\Windows\SYSTEM32\ntdll.dll
0x0000000076c20000 - 0x0000000076d3f000 	C:\Windows\system32\kernel32.dll
0x000007fefc9b0000 - 0x000007fefca17000 	C:\Windows\system32\KERNELBASE.dll
0x000007fefeb80000 - 0x000007fefec5b000 	C:\Windows\system32\ADVAPI32.dll
0x000007fefdce0000 - 0x000007fefdd7f000 	C:\Windows\system32\msvcrt.dll
0x000007fefdb70000 - 0x000007fefdb8f000 	C:\Windows\SYSTEM32\sechost.dll
0x000007fefe550000 - 0x000007fefe67c000 	C:\Windows\system32\RPCRT4.dll
0x0000000076d40000 - 0x0000000076e3a000 	C:\Windows\system32\USER32.dll
0x000007fefec60000 - 0x000007fefecc7000 	C:\Windows\system32\GDI32.dll
0x000007fefcd50000 - 0x000007fefcd5e000 	C:\Windows\system32\LPK.dll
0x000007fefddd0000 - 0x000007fefde9b000 	C:\Windows\system32\USP10.dll
0x000007fefa1b0000 - 0x000007fefa3a5000 	C:\Windows\WinSxS\amd64_microsoft.windows.common-controls_6595b64144ccf1df_6.0.7601.24483_none_e372d88f30fbb845\COMCTL32.dll
0x000007fefdb90000 - 0x000007fefdc01000 	C:\Windows\system32\SHLWAPI.dll
0x000007fefdc10000 - 0x000007fefdc3e000 	C:\Windows\system32\IMM32.DLL
0x000007fefe960000 - 0x000007fefea6b000 	C:\Windows\system32\MSCTF.dll
0x000007fefa0a0000 - 0x000007fefa0a3000 	C:\Windows\system32\api-ms-win-core-synch-l1-2-0.DLL
0x000007feedc50000 - 0x000007feedc65000 	C:\Program Files\Java\jre1.8.0_261\bin\vcruntime140.dll
0x000007fef0470000 - 0x000007fef0474000 	C:\Program Files\Java\jre1.8.0_261\bin\api-ms-win-crt-runtime-l1-1-0.dll
0x000007feeb220000 - 0x000007feeb31c000 	C:\Program Files\Java\jre1.8.0_261\bin\ucrtbase.DLL
0x000007fef0460000 - 0x000007fef0463000 	C:\Program Files\Java\jre1.8.0_261\bin\api-ms-win-core-localization-l1-2-0.dll
0x000007feedc30000 - 0x000007feedc33000 	C:\Program Files\Java\jre1.8.0_261\bin\api-ms-win-core-processthreads-l1-1-1.dll
0x000007feedc40000 - 0x000007feedc43000 	C:\Program Files\Java\jre1.8.0_261\bin\api-ms-win-core-file-l1-2-0.dll
0x000007feedc10000 - 0x000007feedc13000 	C:\Program Files\Java\jre1.8.0_261\bin\api-ms-win-core-timezone-l1-1-0.dll
0x000007feedc20000 - 0x000007feedc23000 	C:\Program Files\Java\jre1.8.0_261\bin\api-ms-win-core-file-l2-1-0.dll
0x000007feed670000 - 0x000007feed673000 	C:\Program Files\Java\jre1.8.0_261\bin\api-ms-win-crt-heap-l1-1-0.dll
0x000007feedc00000 - 0x000007feedc04000 	C:\Program Files\Java\jre1.8.0_261\bin\api-ms-win-crt-string-l1-1-0.dll
0x000007feed650000 - 0x000007feed654000 	C:\Program Files\Java\jre1.8.0_261\bin\api-ms-win-crt-stdio-l1-1-0.dll
0x000007feed660000 - 0x000007feed664000 	C:\Program Files\Java\jre1.8.0_261\bin\api-ms-win-crt-convert-l1-1-0.dll
0x000007feecfd0000 - 0x000007feed06b000 	C:\Program Files\Java\jre1.8.0_261\bin\msvcp140.dll
0x000007feed620000 - 0x000007feed623000 	C:\Program Files\Java\jre1.8.0_261\bin\api-ms-win-crt-locale-l1-1-0.dll
0x000007feed640000 - 0x000007feed645000 	C:\Program Files\Java\jre1.8.0_261\bin\api-ms-win-crt-math-l1-1-0.dll
0x000007feed600000 - 0x000007feed603000 	C:\Program Files\Java\jre1.8.0_261\bin\api-ms-win-crt-filesystem-l1-1-0.dll
0x000007feed610000 - 0x000007feed613000 	C:\Program Files\Java\jre1.8.0_261\bin\api-ms-win-crt-time-l1-1-0.dll
0x000007feed5e0000 - 0x000007feed5e3000 	C:\Program Files\Java\jre1.8.0_261\bin\api-ms-win-crt-environment-l1-1-0.dll
0x000007feed5f0000 - 0x000007feed5f3000 	C:\Program Files\Java\jre1.8.0_261\bin\api-ms-win-crt-utility-l1-1-0.dll
0x00000000718c0000 - 0x000000007212c000 	C:\Program Files\Java\jre1.8.0_261\bin\server\jvm.dll
0x000007fef5590000 - 0x000007fef5599000 	C:\Windows\system32\WSOCK32.dll
0x000007fefdd80000 - 0x000007fefddcd000 	C:\Windows\system32\WS2_32.dll
0x000007fefea70000 - 0x000007fefea78000 	C:\Windows\system32\NSI.dll
0x000007fef1b10000 - 0x000007fef1b4b000 	C:\Windows\system32\WINMM.dll
0x000007fefba70000 - 0x000007fefba7c000 	C:\Windows\system32\VERSION.dll
0x0000000076fe0000 - 0x0000000076fe7000 	C:\Windows\system32\PSAPI.DLL
0x000007feed480000 - 0x000007feed490000 	C:\Program Files\Java\jre1.8.0_261\bin\verify.dll
0x000007feed450000 - 0x000007feed47b000 	C:\Program Files\Java\jre1.8.0_261\bin\java.dll
0x000007feed430000 - 0x000007feed448000 	C:\Program Files\Java\jre1.8.0_261\bin\zip.dll
0x000007fefcde0000 - 0x000007fefdb6b000 	C:\Windows\system32\SHELL32.dll
0x000007fefdea0000 - 0x000007fefe09f000 	C:\Windows\system32\ole32.dll
0x000007fefc990000 - 0x000007fefc99f000 	C:\Windows\system32\profapi.dll
0x000007feed420000 - 0x000007feed423000 	C:\Program Files\Java\jre1.8.0_261\bin\api-ms-win-core-console-l1-1-0.dll
0x000007feed410000 - 0x000007feed413000 	C:\Program Files\Java\jre1.8.0_261\bin\api-ms-win-core-datetime-l1-1-0.dll
0x000007feed400000 - 0x000007feed403000 	C:\Program Files\Java\jre1.8.0_261\bin\api-ms-win-core-debug-l1-1-0.dll
0x000007feed3f0000 - 0x000007feed3f3000 	C:\Program Files\Java\jre1.8.0_261\bin\api-ms-win-core-errorhandling-l1-1-0.dll
0x000007feed3e0000 - 0x000007feed3e4000 	C:\Program Files\Java\jre1.8.0_261\bin\api-ms-win-core-file-l1-1-0.dll
0x000007feed3d0000 - 0x000007feed3d3000 	C:\Program Files\Java\jre1.8.0_261\bin\api-ms-win-core-handle-l1-1-0.dll
0x000007feed3c0000 - 0x000007feed3c3000 	C:\Program Files\Java\jre1.8.0_261\bin\api-ms-win-core-heap-l1-1-0.dll
0x000007feecfc0000 - 0x000007feecfc3000 	C:\Program Files\Java\jre1.8.0_261\bin\api-ms-win-core-interlocked-l1-1-0.dll
0x000007feecfb0000 - 0x000007feecfb3000 	C:\Program Files\Java\jre1.8.0_261\bin\api-ms-win-core-libraryloader-l1-1-0.dll
0x000007feecfa0000 - 0x000007feecfa3000 	C:\Program Files\Java\jre1.8.0_261\bin\api-ms-win-core-memory-l1-1-0.dll
0x000007feecf90000 - 0x000007feecf93000 	C:\Program Files\Java\jre1.8.0_261\bin\api-ms-win-core-namedpipe-l1-1-0.dll
0x000007feecf80000 - 0x000007feecf83000 	C:\Program Files\Java\jre1.8.0_261\bin\api-ms-win-core-processenvironment-l1-1-0.dll
0x000007feecf70000 - 0x000007feecf73000 	C:\Program Files\Java\jre1.8.0_261\bin\api-ms-win-core-processthreads-l1-1-0.dll
0x000007feecf60000 - 0x000007feecf63000 	C:\Program Files\Java\jre1.8.0_261\bin\api-ms-win-core-profile-l1-1-0.dll
0x000007feecf50000 - 0x000007feecf53000 	C:\Program Files\Java\jre1.8.0_261\bin\api-ms-win-core-rtlsupport-l1-1-0.dll
0x000007feecf40000 - 0x000007feecf43000 	C:\Program Files\Java\jre1.8.0_261\bin\api-ms-win-core-string-l1-1-0.dll
0x000007feecf30000 - 0x000007feecf33000 	C:\Program Files\Java\jre1.8.0_261\bin\api-ms-win-core-synch-l1-1-0.dll
0x000007feecf20000 - 0x000007feecf23000 	C:\Program Files\Java\jre1.8.0_261\bin\api-ms-win-core-synch-l1-2-0.dll
0x000007feecf10000 - 0x000007feecf13000 	C:\Program Files\Java\jre1.8.0_261\bin\api-ms-win-core-sysinfo-l1-1-0.dll
0x000007feecf00000 - 0x000007feecf03000 	C:\Program Files\Java\jre1.8.0_261\bin\api-ms-win-core-util-l1-1-0.dll
0x000007feecef0000 - 0x000007feecef3000 	C:\Program Files\Java\jre1.8.0_261\bin\api-ms-win-crt-conio-l1-1-0.dll
0x000007feecee0000 - 0x000007feecee5000 	C:\Program Files\Java\jre1.8.0_261\bin\api-ms-win-crt-multibyte-l1-1-0.dll
0x000007feeced0000 - 0x000007feecee0000 	C:\Program Files\Java\jre1.8.0_261\bin\api-ms-win-crt-private-l1-1-0.dll
0x000007feecdf0000 - 0x000007feecdf3000 	C:\Program Files\Java\jre1.8.0_261\bin\api-ms-win-crt-process-l1-1-0.dll
0x000007feecd90000 - 0x000007feecde1000 	C:\Program Files\Java\jre1.8.0_261\bin\concrt140.dll
0x000007feeba40000 - 0x000007feeba63000 	C:\Program Files\Java\jre1.8.0_261\bin\prism_d3d.dll
0x000007feeabe0000 - 0x000007feeaddf000 	C:\Windows\system32\d3d9.dll
0x000007fef5530000 - 0x000007fef5537000 	C:\Windows\system32\d3d8thk.dll
0x000007fef9b80000 - 0x000007fef9b98000 	C:\Windows\system32\dwmapi.dll
0x000007fefa040000 - 0x000007fefa096000 	C:\Windows\system32\uxtheme.dll
0x000007fee4f10000 - 0x000007fee5b30000 	C:\Windows\system32\igdumd64.dll
0x000007feea330000 - 0x000007feea375000 	C:\Program Files\Java\jre1.8.0_261\bin\glass.dll
0x000007fefe6e0000 - 0x000007fefe777000 	C:\Windows\system32\COMDLG32.dll
0x000007fefea80000 - 0x000007fefeb5b000 	C:\Windows\system32\OLEAUT32.dll
0x000007fefc920000 - 0x000007fefc92f000 	C:\Windows\system32\CRYPTBASE.dll
0x000007fedd430000 - 0x000007fedd4cb000 	C:\Program Files\Java\jre1.8.0_261\bin\glib-lite.dll
0x000007fedd340000 - 0x000007fedd421000 	C:\Program Files\Java\jre1.8.0_261\bin\gstreamer-lite.dll
0x000007fedd2b0000 - 0x000007fedd338000 	C:\Windows\system32\DSOUND.dll
0x000007fefb7f0000 - 0x000007fefb81c000 	C:\Windows\system32\POWRPROF.dll
0x000007fefe780000 - 0x000007fefe957000 	C:\Windows\system32\SETUPAPI.dll
0x000007fefca20000 - 0x000007fefca56000 	C:\Windows\system32\CFGMGR32.dll
0x000007fefcbb0000 - 0x000007fefcbca000 	C:\Windows\system32\DEVOBJ.dll
0x000007feea2b0000 - 0x000007feea2d7000 	C:\Program Files\Java\jre1.8.0_261\bin\jfxmedia.dll
0x000007feecd70000 - 0x000007feecd8c000 	C:\Program Files\Java\jre1.8.0_261\bin\net.dll
0x000007fefc100000 - 0x000007fefc155000 	C:\Windows\system32\mswsock.dll
0x000007fefc5c0000 - 0x000007fefc5c7000 	C:\Windows\System32\wship6.dll
0x000007feecd20000 - 0x000007feecd33000 	C:\Program Files\Java\jre1.8.0_261\bin\nio.dll
0x000007fefdc40000 - 0x000007fefdcd9000 	C:\Windows\system32\CLBCatQ.DLL
0x000007fefb670000 - 0x000007fefb79c000 	C:\Windows\system32\propsys.dll
0x000007fefb5e0000 - 0x000007fefb60d000 	C:\Windows\system32\ntmarta.dll
0x000007fefe680000 - 0x000007fefe6d2000 	C:\Windows\system32\WLDAP32.dll
0x000007fee9e80000 - 0x000007fee9eb1000 	C:\Program Files\Java\jre1.8.0_261\bin\fxplugins.dll
0x000007fefb7a0000 - 0x000007fefb7eb000 	C:\Windows\System32\MMDevApi.dll
0x000007feed370000 - 0x000007feed3bf000 	C:\Windows\system32\AUDIOSES.DLL
0x000007fef5690000 - 0x000007fef56d1000 	C:\Windows\system32\qasf.dll
0x000007fef5390000 - 0x000007fef539d000 	C:\Windows\system32\msdmo.dll
0x000007fef5850000 - 0x000007fef586c000 	C:\Windows\System32\mp3dmod.dll
0x000007feed070000 - 0x000007feed0dd000 	C:\Windows\system32\mfplat.DLL
0x000007fefb660000 - 0x000007fefb669000 	C:\Windows\system32\AVRT.dll
0x000007feea790000 - 0x000007feea944000 	C:\Windows\system32\quartz.dll
0x000007fed9fb0000 - 0x000007feda144000 	C:\Program Files\Java\jre1.8.0_261\bin\awt.dll
0x000007fefc160000 - 0x000007fefc178000 	C:\Windows\system32\CRYPTSP.dll
0x000007fefbe70000 - 0x000007fefbeb7000 	C:\Windows\system32\rsaenh.dll
0x000007fefcb80000 - 0x000007fefcb9f000 	C:\Windows\system32\USERENV.dll
0x000007fefb160000 - 0x000007fefb187000 	C:\Windows\system32\IPHLPAPI.DLL
0x000007fefb1d0000 - 0x000007fefb1db000 	C:\Windows\system32\WINNSI.DLL
0x000007fefb020000 - 0x000007fefb038000 	C:\Windows\system32\dhcpcsvc.DLL
0x000007fefb000000 - 0x000007fefb011000 	C:\Windows\system32\dhcpcsvc6.DLL
0x000007feea310000 - 0x000007feea324000 	C:\Program Files\Java\jre1.8.0_261\bin\javafx_font.dll
0x000007fef4fc0000 - 0x000007fef5158000 	C:\Windows\system32\dwrite.dll
0x000007fef9a10000 - 0x000007fef9b71000 	C:\Windows\system32\WindowsCodecs.dll
0x000007fefc850000 - 0x000007fefc8a7000 	C:\Windows\system32\apphelp.dll
0x000007feefc00000 - 0x000007feefc35000 	C:\Windows\system32\EhStorShell.dll
0x000007feefb80000 - 0x000007feefbfe000 	C:\Windows\System32\cscui.dll
0x000007feefb70000 - 0x000007feefb7c000 	C:\Windows\System32\CSCDLL.dll
0x000007fef0580000 - 0x000007fef058f000 	C:\Windows\system32\CSCAPI.dll
0x000007feefaf0000 - 0x000007feefb70000 	C:\Windows\system32\ntshrui.dll
0x000007fefc3b0000 - 0x000007fefc3d3000 	C:\Windows\system32\srvcli.dll
0x000007fefb2a0000 - 0x000007fefb2ab000 	C:\Windows\system32\slc.dll

VM Arguments:
jvm_args: -Dfile.encoding=Cp1252 
java_command: uet.oop.bomberman.BombermanGame
java_class_path (initial): C:\Users\Administrator\Documents\GitHub\BomberMan_btl\target\classes;C:\Users\Administrator\.m2\repository\org\openjfx\javafx-controls\15\javafx-controls-15.jar;C:\Users\Administrator\.m2\repository\org\openjfx\javafx-controls\15\javafx-controls-15-win.jar;C:\Users\Administrator\.m2\repository\org\openjfx\javafx-fxml\15\javafx-fxml-15.jar;C:\Users\Administrator\.m2\repository\org\openjfx\javafx-fxml\15\javafx-fxml-15-win.jar;C:\Users\Administrator\.m2\repository\org\openjfx\javafx-base\15\javafx-base-15.jar;C:\Users\Administrator\.m2\repository\org\openjfx\javafx-base\15\javafx-base-15-win.jar;C:\Users\Administrator\.m2\repository\org\openjfx\javafx-graphics\15\javafx-graphics-15.jar;C:\Users\Administrator\.m2\repository\org\openjfx\javafx-graphics\15\javafx-graphics-15-win.jar
Launcher Type: SUN_STANDARD

Environment Variables:
JAVA_HOME=C:\Program Files\Java\jdk-14.0.2
PATH=C:\Program Files (x86)\Common Files\Oracle\Java\javapath;C:\Windows\system32;C:\Windows;C:\Windows\System32\Wbem;C:\Windows\System32\WindowsPowerShell\v1.0\;C:\Program Files (x86)\Intel\OpenCL SDK\2.0\bin\x86;C:\Program Files (x86)\Intel\OpenCL SDK\2.0\bin\x64;C:\Program Files\Microsoft SQL Server\130\Tools\Binn\;C:\Program Files\Git\cmd;C:\Program Files\Java\jdk-14.0.2\bin; C:\Program Files\Java\jdk-14.0.2\bin\;C:\Program Files\JetBrains\IntelliJ IDEA Community Edition 2020.2.3\bin;;C:\Users\Administrator\AppData\Local\GitHubDesktop\bin
USERNAME=Administrator
OS=Windows_NT
PROCESSOR_IDENTIFIER=Intel64 Family 6 Model 42 Stepping 7, GenuineIntel



---------------  S Y S T E M  ---------------

OS: Windows 7 , 64 bit Build 7601 (6.1.7601.24524)

CPU:total 4 (initial active 4) (2 cores per cpu, 2 threads per core) family 6 model 42 stepping 7, cmov, cx8, fxsr, mmx, sse, sse2, sse3, ssse3, sse4.1, sse4.2, popcnt, avx, clmul, ht, tsc, tscinvbit

Memory: 4k page, physical 4099976k(548416k free), swap 12290076k(5104k free)

vm_info: Java HotSpot(TM) 64-Bit Server VM (25.261-b12) for windows-amd64 JRE (1.8.0_261-b12), built on Jun 18 2020 06:56:32 by "" with unknown MS VC++:1916

time: Tue Dec  1 22:04:43 2020
timezone: SE Asia Standard Time
elapsed time: 11 seconds (0d 0h 0m 11s)

