#
# There is insufficient memory for the Java Runtime Environment to continue.
# Native memory allocation (malloc) failed to allocate 32744 bytes for ChunkPool::allocate
# Possible reasons:
#   The system is out of physical RAM or swap space
#   The process is running with CompressedOops enabled, and the Java Heap may be blocking the growth of the native heap
# Possible solutions:
#   Reduce memory load on the system
#   Increase physical memory or swap space
#   Check if swap backing store is full
#   Decrease Java heap size (-Xmx/-Xms)
#   Decrease number of Java threads
#   Decrease Java thread stack sizes (-Xss)
#   Set larger code cache with -XX:ReservedCodeCacheSize=
#   JVM is running with Unscaled Compressed Oops mode in which the Java heap is
#     placed in the first 4GB address space. The Java Heap base address is the
#     maximum limit for the native heap growth. Please use -XX:HeapBaseMinAddress
#     to set the Java Heap base and to place the Java Heap above 4GB virtual address.
# This output file may be truncated or incomplete.
#
#  Out of Memory Error (allocation.cpp:272), pid=9944, tid=0x0000000000001530
#
# JRE version: Java(TM) SE Runtime Environment (8.0_261-b12) (build 1.8.0_261-b12)
# Java VM: Java HotSpot(TM) 64-Bit Server VM (25.261-b12 mixed mode windows-amd64 compressed oops)
# Failed to write core dump. Minidumps are not enabled by default on client versions of Windows
#

---------------  T H R E A D  ---------------

Current thread (0x0000000054e46800):  JavaThread "C2 CompilerThread1" daemon [_thread_in_native, id=5424, stack(0x0000000056980000,0x0000000056a80000)]

Stack: [0x0000000056980000,0x0000000056a80000]
Native frames: (J=compiled Java code, j=interpreted, Vv=VM code, C=native code)
V  [jvm.dll+0x33e5f9]


Current CompileTask:
C2:   9370 1598       4       java.lang.Thread::init (214 bytes)


---------------  P R O C E S S  ---------------

Java Threads: ( => current thread )
  0x0000000059301800 JavaThread "Timer-2" daemon [_thread_blocked, id=3884, stack(0x0000000061010000,0x0000000061110000)]
  0x00000000592fb800 JavaThread "Prism Font Disposer" daemon [_thread_blocked, id=11144, stack(0x00000000602a0000,0x00000000603a0000)]
  0x0000000059300800 JavaThread "Timer-0" [_thread_blocked, id=1300, stack(0x000000005e6f0000,0x000000005e7f0000)]
  0x00000000592ff000 JavaThread "JFXMedia Player EventQueueThread" daemon [_thread_blocked, id=10796, stack(0x000000005c680000,0x000000005c780000)]
  0x00000000592fe800 JavaThread "JFXMedia Player EventQueueThread" daemon [_thread_blocked, id=11108, stack(0x000000005c420000,0x000000005c520000)]
  0x00000000592fd000 JavaThread "JFXMedia Player EventQueueThread" daemon [_thread_blocked, id=10636, stack(0x000000005bdb0000,0x000000005beb0000)]
  0x00000000592e8000 JavaThread "JFXMedia Player EventQueueThread" daemon [_thread_blocked, id=10264, stack(0x000000005ba60000,0x000000005bb60000)]
  0x00000000592b3800 JavaThread "Java2D Disposer" daemon [_thread_blocked, id=9812, stack(0x000000005b830000,0x000000005b930000)]
  0x00000000590e8000 JavaThread "Media Resource Disposer" daemon [_thread_blocked, id=11192, stack(0x000000005b530000,0x000000005b630000)]
  0x00000000590c0000 JavaThread "JFXMedia Player EventQueueThread" daemon [_thread_blocked, id=9688, stack(0x0000000059a80000,0x0000000059b80000)]
  0x0000000059018000 JavaThread "JavaFX-Launcher" [_thread_blocked, id=2420, stack(0x0000000059ba0000,0x0000000059ca0000)]
  0x0000000057016000 JavaThread "Thread-2" daemon [_thread_in_native, id=10840, stack(0x00000000598f0000,0x00000000599f0000)]
  0x0000000056fdf800 JavaThread "JavaFX Application Thread" [_thread_in_native, id=9644, stack(0x00000000574c0000,0x00000000575c0000)]
  0x0000000056fc6800 JavaThread "Thread-1" daemon [_thread_blocked, id=1592, stack(0x0000000057610000,0x0000000057710000)]
  0x0000000056fae000 JavaThread "QuantumRenderer-0" daemon [_thread_blocked, id=4464, stack(0x0000000057170000,0x0000000057270000)]
  0x0000000054eb9800 JavaThread "Service Thread" daemon [_thread_blocked, id=3388, stack(0x0000000056400000,0x0000000056500000)]
  0x0000000054e47800 JavaThread "C1 CompilerThread2" daemon [_thread_in_native, id=4120, stack(0x0000000056b40000,0x0000000056c40000)]
=>0x0000000054e46800 JavaThread "C2 CompilerThread1" daemon [_thread_in_native, id=5424, stack(0x0000000056980000,0x0000000056a80000)]
  0x0000000054e31000 JavaThread "C2 CompilerThread0" daemon [_thread_in_native, id=11248, stack(0x0000000056700000,0x0000000056800000)]
  0x0000000054e2f800 JavaThread "Attach Listener" daemon [_thread_blocked, id=4340, stack(0x0000000056500000,0x0000000056600000)]
  0x0000000054e2c000 JavaThread "Signal Dispatcher" daemon [_thread_blocked, id=4472, stack(0x00000000562d0000,0x00000000563d0000)]
  0x0000000054e08800 JavaThread "Finalizer" daemon [_thread_blocked, id=3404, stack(0x0000000056160000,0x0000000056260000)]
  0x0000000054dc2000 JavaThread "Reference Handler" daemon [_thread_blocked, id=11184, stack(0x0000000055dd0000,0x0000000055ed0000)]
  0x00000000002b3000 JavaThread "main" [_thread_blocked, id=4500, stack(0x0000000002050000,0x0000000002150000)]

Other Threads:
  0x0000000054dc0800 VMThread [stack: 0x0000000055f70000,0x0000000056070000] [id=4512]
  0x0000000054ed1800 WatcherThread [stack: 0x0000000056800000,0x0000000056900000] [id=10328]

VM state:not at safepoint (normal execution)

VM Mutex/Monitor currently owned by a thread: None

heap address: 0x00000000c1600000, size: 1002 MB, Compressed Oops mode: 32-bit
Narrow klass base: 0x0000000000000000, Narrow klass shift: 0
Compressed class space size: 1073741824 Address: 0x0000000014210000

Heap:
 PSYoungGen      total 139264K, used 135053K [0x00000000eb200000, 0x00000000f3c80000, 0x0000000100000000)
  eden space 136704K, 98% used [0x00000000eb200000,0x00000000f35cb7e8,0x00000000f3780000)
  from space 2560K, 3% used [0x00000000f3780000,0x00000000f3798000,0x00000000f3a00000)
  to   space 2560K, 0% used [0x00000000f3a00000,0x00000000f3a00000,0x00000000f3c80000)
 ParOldGen       total 44032K, used 6387K [0x00000000c1600000, 0x00000000c4100000, 0x00000000eb200000)
  object space 44032K, 14% used [0x00000000c1600000,0x00000000c1c3cf78,0x00000000c4100000)
 Metaspace       used 14758K, capacity 15256K, committed 15488K, reserved 1062912K
  class space    used 1930K, capacity 2095K, committed 2176K, reserved 1048576K

Card table byte_map: [0x00000000117e0000,0x00000000119e0000] byte_map_base: 0x00000000111d5000

Marking Bits: (ParMarkBitMap*) 0x00000000720b4fb0
 Begin Bits: [0x00000000120c0000, 0x0000000013068000)
 End Bits:   [0x0000000013068000, 0x0000000014010000)

Polling page: 0x0000000000220000

CodeCache: size=245760Kb used=4733Kb max_used=4733Kb free=241026Kb
 bounds [0x0000000002420000, 0x00000000028d0000, 0x0000000011420000]
 total_blobs=2237 nmethods=1582 adapters=567
 compilation: enabled

Compilation events (10 events):
Event: 9.208 Thread 0x0000000054e31000 nmethod 1593 0x00000000028bde90 code [0x00000000028bdfe0, 0x00000000028be2b8]
Event: 9.212 Thread 0x0000000054e47800 1594       3       com.sun.prism.impl.BaseGraphics::setTransform (27 bytes)
Event: 9.214 Thread 0x0000000054e47800 nmethod 1594 0x00000000028bd8d0 code [0x00000000028bda60, 0x00000000028bdd48]
Event: 9.214 Thread 0x0000000054e47800 1595       3       com.sun.javafx.sg.prism.NGCanvas::initClip (347 bytes)
Event: 9.220 Thread 0x0000000054e47800 nmethod 1595 0x00000000028c18d0 code [0x00000000028c1c60, 0x00000000028c33f8]
Event: 9.220 Thread 0x0000000054e47800 1596       3       com.sun.prism.impl.BaseGraphics::setExtraAlpha (6 bytes)
Event: 9.220 Thread 0x0000000054e47800 nmethod 1596 0x00000000028bd590 code [0x00000000028bd6e0, 0x00000000028bd830]
Event: 9.220 Thread 0x0000000054e47800 1597       3       com.sun.javafx.sg.prism.NGCanvas::handleRenderOp (1737 bytes)
Event: 9.226 Thread 0x0000000054e46800 1598       4       java.lang.Thread::init (214 bytes)
Event: 9.230 Thread 0x0000000054e31000 1599       4       java.lang.Thread::<init> (69 bytes)

GC Heap History (10 events):
Event: 8.917 GC heap before
{Heap before GC invocations=27 (full 0):
 PSYoungGen      total 111616K, used 105056K [0x00000000eb200000, 0x00000000f2580000, 0x0000000100000000)
  eden space 104960K, 100% used [0x00000000eb200000,0x00000000f1880000,0x00000000f1880000)
  from space 6656K, 1% used [0x00000000f1f00000,0x00000000f1f18000,0x00000000f2580000)
  to   space 6656K, 0% used [0x00000000f1880000,0x00000000f1880000,0x00000000f1f00000)
 ParOldGen       total 44032K, used 6339K [0x00000000c1600000, 0x00000000c4100000, 0x00000000eb200000)
  object space 44032K, 14% used [0x00000000c1600000,0x00000000c1c30f78,0x00000000c4100000)
 Metaspace       used 14711K, capacity 15256K, committed 15488K, reserved 1062912K
  class space    used 1930K, capacity 2095K, committed 2176K, reserved 1048576K
Event: 8.920 GC heap after
Heap after GC invocations=27 (full 0):
 PSYoungGen      total 111616K, used 64K [0x00000000eb200000, 0x00000000f3c80000, 0x0000000100000000)
  eden space 104960K, 0% used [0x00000000eb200000,0x00000000eb200000,0x00000000f1880000)
  from space 6656K, 0% used [0x00000000f1880000,0x00000000f1890000,0x00000000f1f00000)
  to   space 2560K, 0% used [0x00000000f3a00000,0x00000000f3a00000,0x00000000f3c80000)
 ParOldGen       total 44032K, used 6363K [0x00000000c1600000, 0x00000000c4100000, 0x00000000eb200000)
  object space 44032K, 14% used [0x00000000c1600000,0x00000000c1c36f78,0x00000000c4100000)
 Metaspace       used 14711K, capacity 15256K, committed 15488K, reserved 1062912K
  class space    used 1930K, capacity 2095K, committed 2176K, reserved 1048576K
}
Event: 8.972 GC heap before
{Heap before GC invocations=28 (full 0):
 PSYoungGen      total 111616K, used 105024K [0x00000000eb200000, 0x00000000f3c80000, 0x0000000100000000)
  eden space 104960K, 100% used [0x00000000eb200000,0x00000000f1880000,0x00000000f1880000)
  from space 6656K, 0% used [0x00000000f1880000,0x00000000f1890000,0x00000000f1f00000)
  to   space 2560K, 0% used [0x00000000f3a00000,0x00000000f3a00000,0x00000000f3c80000)
 ParOldGen       total 44032K, used 6363K [0x00000000c1600000, 0x00000000c4100000, 0x00000000eb200000)
  object space 44032K, 14% used [0x00000000c1600000,0x00000000c1c36f78,0x00000000c4100000)
 Metaspace       used 14711K, capacity 15256K, committed 15488K, reserved 1062912K
  class space    used 1930K, capacity 2095K, committed 2176K, reserved 1048576K
Event: 8.974 GC heap after
Heap after GC invocations=28 (full 0):
 PSYoungGen      total 139264K, used 96K [0x00000000eb200000, 0x00000000f3c80000, 0x0000000100000000)
  eden space 136704K, 0% used [0x00000000eb200000,0x00000000eb200000,0x00000000f3780000)
  from space 2560K, 3% used [0x00000000f3a00000,0x00000000f3a18000,0x00000000f3c80000)
  to   space 2560K, 0% used [0x00000000f3780000,0x00000000f3780000,0x00000000f3a00000)
 ParOldGen       total 44032K, used 6371K [0x00000000c1600000, 0x00000000c4100000, 0x00000000eb200000)
  object space 44032K, 14% used [0x00000000c1600000,0x00000000c1c38f78,0x00000000c4100000)
 Metaspace       used 14711K, capacity 15256K, committed 15488K, reserved 1062912K
  class space    used 1930K, capacity 2095K, committed 2176K, reserved 1048576K
}
Event: 9.047 GC heap before
{Heap before GC invocations=29 (full 0):
 PSYoungGen      total 139264K, used 136800K [0x00000000eb200000, 0x00000000f3c80000, 0x0000000100000000)
  eden space 136704K, 100% used [0x00000000eb200000,0x00000000f3780000,0x00000000f3780000)
  from space 2560K, 3% used [0x00000000f3a00000,0x00000000f3a18000,0x00000000f3c80000)
  to   space 2560K, 0% used [0x00000000f3780000,0x00000000f3780000,0x00000000f3a00000)
 ParOldGen       total 44032K, used 6371K [0x00000000c1600000, 0x00000000c4100000, 0x00000000eb200000)
  object space 44032K, 14% used [0x00000000c1600000,0x00000000c1c38f78,0x00000000c4100000)
 Metaspace       used 14712K, capacity 15256K, committed 15488K, reserved 1062912K
  class space    used 1930K, capacity 2095K, committed 2176K, reserved 1048576K
Event: 9.049 GC heap after
Heap after GC invocations=29 (full 0):
 PSYoungGen      total 139264K, used 96K [0x00000000eb200000, 0x00000000f3c80000, 0x0000000100000000)
  eden space 136704K, 0% used [0x00000000eb200000,0x00000000eb200000,0x00000000f3780000)
  from space 2560K, 3% used [0x00000000f3780000,0x00000000f3798000,0x00000000f3a00000)
  to   space 2560K, 0% used [0x00000000f3a00000,0x00000000f3a00000,0x00000000f3c80000)
 ParOldGen       total 44032K, used 6371K [0x00000000c1600000, 0x00000000c4100000, 0x00000000eb200000)
  object space 44032K, 14% used [0x00000000c1600000,0x00000000c1c38f78,0x00000000c4100000)
 Metaspace       used 14712K, capacity 15256K, committed 15488K, reserved 1062912K
  class space    used 1930K, capacity 2095K, committed 2176K, reserved 1048576K
}
Event: 9.099 GC heap before
{Heap before GC invocations=30 (full 0):
 PSYoungGen      total 139264K, used 136800K [0x00000000eb200000, 0x00000000f3c80000, 0x0000000100000000)
  eden space 136704K, 100% used [0x00000000eb200000,0x00000000f3780000,0x00000000f3780000)
  from space 2560K, 3% used [0x00000000f3780000,0x00000000f3798000,0x00000000f3a00000)
  to   space 2560K, 0% used [0x00000000f3a00000,0x00000000f3a00000,0x00000000f3c80000)
 ParOldGen       total 44032K, used 6371K [0x00000000c1600000, 0x00000000c4100000, 0x00000000eb200000)
  object space 44032K, 14% used [0x00000000c1600000,0x00000000c1c38f78,0x00000000c4100000)
 Metaspace       used 14712K, capacity 15256K, committed 15488K, reserved 1062912K
  class space    used 1930K, capacity 2095K, committed 2176K, reserved 1048576K
Event: 9.101 GC heap after
Heap after GC invocations=30 (full 0):
 PSYoungGen      total 139264K, used 64K [0x00000000eb200000, 0x00000000f3c80000, 0x0000000100000000)
  eden space 136704K, 0% used [0x00000000eb200000,0x00000000eb200000,0x00000000f3780000)
  from space 2560K, 2% used [0x00000000f3a00000,0x00000000f3a10000,0x00000000f3c80000)
  to   space 2560K, 0% used [0x00000000f3780000,0x00000000f3780000,0x00000000f3a00000)
 ParOldGen       total 44032K, used 6387K [0x00000000c1600000, 0x00000000c4100000, 0x00000000eb200000)
  object space 44032K, 14% used [0x00000000c1600000,0x00000000c1c3cf78,0x00000000c4100000)
 Metaspace       used 14712K, capacity 15256K, committed 15488K, reserved 1062912K
  class space    used 1930K, capacity 2095K, committed 2176K, reserved 1048576K
}
Event: 9.175 GC heap before
{Heap before GC invocations=31 (full 0):
 PSYoungGen      total 139264K, used 136768K [0x00000000eb200000, 0x00000000f3c80000, 0x0000000100000000)
  eden space 136704K, 100% used [0x00000000eb200000,0x00000000f3780000,0x00000000f3780000)
  from space 2560K, 2% used [0x00000000f3a00000,0x00000000f3a10000,0x00000000f3c80000)
  to   space 2560K, 0% used [0x00000000f3780000,0x00000000f3780000,0x00000000f3a00000)
 ParOldGen       total 44032K, used 6387K [0x00000000c1600000, 0x00000000c4100000, 0x00000000eb200000)
  object space 44032K, 14% used [0x00000000c1600000,0x00000000c1c3cf78,0x00000000c4100000)
 Metaspace       used 14713K, capacity 15256K, committed 15488K, reserved 1062912K
  class space    used 1930K, capacity 2095K, committed 2176K, reserved 1048576K
Event: 9.177 GC heap after
Heap after GC invocations=31 (full 0):
 PSYoungGen      total 139264K, used 96K [0x00000000eb200000, 0x00000000f3c80000, 0x0000000100000000)
  eden space 136704K, 0% used [0x00000000eb200000,0x00000000eb200000,0x00000000f3780000)
  from space 2560K, 3% used [0x00000000f3780000,0x00000000f3798000,0x00000000f3a00000)
  to   space 2560K, 0% used [0x00000000f3a00000,0x00000000f3a00000,0x00000000f3c80000)
 ParOldGen       total 44032K, used 6387K [0x00000000c1600000, 0x00000000c4100000, 0x00000000eb200000)
  object space 44032K, 14% used [0x00000000c1600000,0x00000000c1c3cf78,0x00000000c4100000)
 Metaspace       used 14713K, capacity 15256K, committed 15488K, reserved 1062912K
  class space    used 1930K, capacity 2095K, committed 2176K, reserved 1048576K
}

Deoptimization events (7 events):
Event: 1.691 Thread 0x0000000056fdf800 Uncommon trap: reason=unstable_if action=reinterpret pc=0x00000000025db2b8 method=java.lang.String.replace(CC)Ljava/lang/String; @ 26
Event: 2.982 Thread 0x0000000056fdf800 Uncommon trap: reason=unstable_if action=reinterpret pc=0x00000000026158b8 method=java.lang.String.indexOf([CII[CIII)I @ 3
Event: 4.648 Thread 0x0000000056fdf800 Uncommon trap: reason=unstable_if action=reinterpret pc=0x0000000002714af8 method=com.sun.javafx.image.PixelUtils.PretoNonPre(I)I @ 9
Event: 4.648 Thread 0x0000000056fdf800 Uncommon trap: reason=unstable_if action=reinterpret pc=0x00000000026deba0 method=com.sun.javafx.image.PixelUtils.PretoNonPre(I)I @ 9
Event: 4.648 Thread 0x0000000056fdf800 Uncommon trap: reason=unstable_if action=reinterpret pc=0x00000000026eb65c method=com.sun.javafx.image.PixelUtils.PretoNonPre(I)I @ 9
Event: 4.648 Thread 0x0000000056fdf800 Uncommon trap: reason=unstable_if action=reinterpret pc=0x00000000026d6f00 method=com.sun.javafx.image.PixelUtils.PretoNonPre(I)I @ 9
Event: 5.794 Thread 0x0000000056fae000 Uncommon trap: reason=unstable_if action=reinterpret pc=0x000000000278c114 method=java.lang.String.regionMatches(ZILjava/lang/String;II)Z @ 123

Classes redefined (0 events):
No events

Internal exceptions (10 events):
Event: 0.721 Thread 0x00000000002b3000 Exception <a 'java/lang/NoSuchFieldError': method resolution failed> (0x00000000eb3c8d40) thrown at [C:\jenkins\workspace\8-2-build-windows-amd64-cygwin\jdk8u261\295\hotspot\src\share\vm\prims\methodHandles.cpp, line 1169]
Event: 0.768 Thread 0x00000000002b3000 Exception <a 'java/lang/NoSuchFieldError': method resolution failed> (0x00000000eb3d6090) thrown at [C:\jenkins\workspace\8-2-build-windows-amd64-cygwin\jdk8u261\295\hotspot\src\share\vm\prims\methodHandles.cpp, line 1169]
Event: 0.896 Thread 0x00000000002b3000 Exception <a 'java/security/PrivilegedActionException'> (0x00000000eb460660) thrown at [C:\jenkins\workspace\8-2-build-windows-amd64-cygwin\jdk8u261\295\hotspot\src\share\vm\prims\jvm.cpp, line 1512]
Event: 0.896 Thread 0x00000000002b3000 Exception <a 'java/security/PrivilegedActionException'> (0x00000000eb460870) thrown at [C:\jenkins\workspace\8-2-build-windows-amd64-cygwin\jdk8u261\295\hotspot\src\share\vm\prims\jvm.cpp, line 1512]
Event: 0.899 Thread 0x00000000002b3000 Exception <a 'java/security/PrivilegedActionException'> (0x00000000eb4644e0) thrown at [C:\jenkins\workspace\8-2-build-windows-amd64-cygwin\jdk8u261\295\hotspot\src\share\vm\prims\jvm.cpp, line 1512]
Event: 0.899 Thread 0x00000000002b3000 Exception <a 'java/security/PrivilegedActionException'> (0x00000000eb4646f0) thrown at [C:\jenkins\workspace\8-2-build-windows-amd64-cygwin\jdk8u261\295\hotspot\src\share\vm\prims\jvm.cpp, line 1512]
Event: 0.900 Thread 0x00000000002b3000 Exception <a 'java/lang/NullPointerException'> (0x00000000eb464cc8) thrown at [C:\jenkins\workspace\8-2-build-windows-amd64-cygwin\jdk8u261\295\hotspot\src\share\vm\interpreter\linkResolver.cpp, line 1185]
Event: 2.886 Thread 0x0000000056fdf800 Exception <a 'java/io/FileNotFoundException'> (0x00000000eb59fca8) thrown at [C:\jenkins\workspace\8-2-build-windows-amd64-cygwin\jdk8u261\295\hotspot\src\share\vm\prims\jni.cpp, line 710]
Event: 4.870 Thread 0x0000000056fdf800 Exception <a 'java/lang/NullPointerException'> (0x00000000eb5acf70) thrown at [C:\jenkins\workspace\8-2-build-windows-amd64-cygwin\jdk8u261\295\hotspot\src\share\vm\interpreter\linkResolver.cpp, line 1185]
Event: 4.870 Thread 0x0000000056fdf800 Exception <a 'java/lang/NullPointerException'> (0x00000000eb5acf70) thrown at [C:\jenkins\workspace\8-2-build-windows-amd64-cygwin\jdk8u261\295\hotspot\src\share\vm\prims\jvm.cpp, line 1516]

Events (10 events):
Event: 9.248 Thread 0x0000000059632000 Thread added: 0x0000000059632000
Event: 9.248 Thread 0x0000000059632000 Thread exited: 0x0000000059632000
Event: 9.249 Thread 0x0000000059636000 Thread added: 0x0000000059636000
Event: 9.249 Thread 0x0000000059636000 Thread exited: 0x0000000059636000
Event: 9.250 Thread 0x0000000059636000 Thread added: 0x0000000059636000
Event: 9.251 Thread 0x0000000059636000 Thread exited: 0x0000000059636000
Event: 9.251 Thread 0x0000000059636000 Thread added: 0x0000000059636000
Event: 9.251 Thread 0x0000000059636000 Thread exited: 0x0000000059636000
Event: 9.252 Thread 0x0000000059636000 Thread added: 0x0000000059636000
Event: 9.252 Thread 0x0000000059636000 Thread exited: 0x0000000059636000


Dynamic libraries:
0x000000013f510000 - 0x000000013f557000 	C:\Program Files\Java\jre1.8.0_261\bin\javaw.exe
0x0000000076e40000 - 0x0000000076fdf000 	C:\Windows\SYSTEM32\ntdll.dll
0x0000000076c20000 - 0x0000000076d3f000 	C:\Windows\system32\kernel32.dll
0x000007fefc9b0000 - 0x000007fefca17000 	C:\Windows\system32\KERNELBASE.dll
0x000007fefeb80000 - 0x000007fefec5b000 	C:\Windows\system32\ADVAPI32.dll
0x000007fefdce0000 - 0x000007fefdd7f000 	C:\Windows\system32\msvcrt.dll
0x000007fefdb70000 - 0x000007fefdb8f000 	C:\Windows\SYSTEM32\sechost.dll
0x000007fefe550000 - 0x000007fefe67c000 	C:\Windows\system32\RPCRT4.dll
0x0000000076d40000 - 0x0000000076e3a000 	C:\Windows\system32\USER32.dll
0x000007fefec60000 - 0x000007fefecc7000 	C:\Windows\system32\GDI32.dll
0x000007fefcd50000 - 0x000007fefcd5e000 	C:\Windows\system32\LPK.dll
0x000007fefddd0000 - 0x000007fefde9b000 	C:\Windows\system32\USP10.dll
0x000007fefa1b0000 - 0x000007fefa3a5000 	C:\Windows\WinSxS\amd64_microsoft.windows.common-controls_6595b64144ccf1df_6.0.7601.24483_none_e372d88f30fbb845\COMCTL32.dll
0x000007fefdb90000 - 0x000007fefdc01000 	C:\Windows\system32\SHLWAPI.dll
0x000007fefdc10000 - 0x000007fefdc3e000 	C:\Windows\system32\IMM32.DLL
0x000007fefe960000 - 0x000007fefea6b000 	C:\Windows\system32\MSCTF.dll
0x000007fefa0a0000 - 0x000007fefa0a3000 	C:\Windows\system32\api-ms-win-core-synch-l1-2-0.DLL
0x000007feedc50000 - 0x000007feedc65000 	C:\Program Files\Java\jre1.8.0_261\bin\vcruntime140.dll
0x000007fef0470000 - 0x000007fef0474000 	C:\Program Files\Java\jre1.8.0_261\bin\api-ms-win-crt-runtime-l1-1-0.dll
0x000007feeb220000 - 0x000007feeb31c000 	C:\Program Files\Java\jre1.8.0_261\bin\ucrtbase.DLL
0x000007fef0460000 - 0x000007fef0463000 	C:\Program Files\Java\jre1.8.0_261\bin\api-ms-win-core-localization-l1-2-0.dll
0x000007feedc30000 - 0x000007feedc33000 	C:\Program Files\Java\jre1.8.0_261\bin\api-ms-win-core-processthreads-l1-1-1.dll
0x000007feedc40000 - 0x000007feedc43000 	C:\Program Files\Java\jre1.8.0_261\bin\api-ms-win-core-file-l1-2-0.dll
0x000007feedc10000 - 0x000007feedc13000 	C:\Program Files\Java\jre1.8.0_261\bin\api-ms-win-core-timezone-l1-1-0.dll
0x000007feedc20000 - 0x000007feedc23000 	C:\Program Files\Java\jre1.8.0_261\bin\api-ms-win-core-file-l2-1-0.dll
0x000007feed670000 - 0x000007feed673000 	C:\Program Files\Java\jre1.8.0_261\bin\api-ms-win-crt-heap-l1-1-0.dll
0x000007feedc00000 - 0x000007feedc04000 	C:\Program Files\Java\jre1.8.0_261\bin\api-ms-win-crt-string-l1-1-0.dll
0x000007feed650000 - 0x000007feed654000 	C:\Program Files\Java\jre1.8.0_261\bin\api-ms-win-crt-stdio-l1-1-0.dll
0x000007feed660000 - 0x000007feed664000 	C:\Program Files\Java\jre1.8.0_261\bin\api-ms-win-crt-convert-l1-1-0.dll
0x000007feecfd0000 - 0x000007feed06b000 	C:\Program Files\Java\jre1.8.0_261\bin\msvcp140.dll
0x000007feed620000 - 0x000007feed623000 	C:\Program Files\Java\jre1.8.0_261\bin\api-ms-win-crt-locale-l1-1-0.dll
0x000007feed640000 - 0x000007feed645000 	C:\Program Files\Java\jre1.8.0_261\bin\api-ms-win-crt-math-l1-1-0.dll
0x000007feed600000 - 0x000007feed603000 	C:\Program Files\Java\jre1.8.0_261\bin\api-ms-win-crt-filesystem-l1-1-0.dll
0x000007feed610000 - 0x000007feed613000 	C:\Program Files\Java\jre1.8.0_261\bin\api-ms-win-crt-time-l1-1-0.dll
0x000007feed5e0000 - 0x000007feed5e3000 	C:\Program Files\Java\jre1.8.0_261\bin\api-ms-win-crt-environment-l1-1-0.dll
0x000007feed5f0000 - 0x000007feed5f3000 	C:\Program Files\Java\jre1.8.0_261\bin\api-ms-win-crt-utility-l1-1-0.dll
0x00000000718c0000 - 0x000000007212c000 	C:\Program Files\Java\jre1.8.0_261\bin\server\jvm.dll
0x000007fef5590000 - 0x000007fef5599000 	C:\Windows\system32\WSOCK32.dll
0x000007fefdd80000 - 0x000007fefddcd000 	C:\Windows\system32\WS2_32.dll
0x000007fefea70000 - 0x000007fefea78000 	C:\Windows\system32\NSI.dll
0x000007fef1b10000 - 0x000007fef1b4b000 	C:\Windows\system32\WINMM.dll
0x000007fefba70000 - 0x000007fefba7c000 	C:\Windows\system32\VERSION.dll
0x0000000076fe0000 - 0x0000000076fe7000 	C:\Windows\system32\PSAPI.DLL
0x000007feed480000 - 0x000007feed490000 	C:\Program Files\Java\jre1.8.0_261\bin\verify.dll
0x000007feed450000 - 0x000007feed47b000 	C:\Program Files\Java\jre1.8.0_261\bin\java.dll
0x000007feed430000 - 0x000007feed448000 	C:\Program Files\Java\jre1.8.0_261\bin\zip.dll
0x000007fefcde0000 - 0x000007fefdb6b000 	C:\Windows\system32\SHELL32.dll
0x000007fefdea0000 - 0x000007fefe09f000 	C:\Windows\system32\ole32.dll
0x000007fefc990000 - 0x000007fefc99f000 	C:\Windows\system32\profapi.dll
0x000007feed420000 - 0x000007feed423000 	C:\Program Files\Java\jre1.8.0_261\bin\api-ms-win-core-console-l1-1-0.dll
0x000007feed410000 - 0x000007feed413000 	C:\Program Files\Java\jre1.8.0_261\bin\api-ms-win-core-datetime-l1-1-0.dll
0x000007feed400000 - 0x000007feed403000 	C:\Program Files\Java\jre1.8.0_261\bin\api-ms-win-core-debug-l1-1-0.dll
0x000007feed3f0000 - 0x000007feed3f3000 	C:\Program Files\Java\jre1.8.0_261\bin\api-ms-win-core-errorhandling-l1-1-0.dll
0x000007feed3e0000 - 0x000007feed3e4000 	C:\Program Files\Java\jre1.8.0_261\bin\api-ms-win-core-file-l1-1-0.dll
0x000007feed3d0000 - 0x000007feed3d3000 	C:\Program Files\Java\jre1.8.0_261\bin\api-ms-win-core-handle-l1-1-0.dll
0x000007feed3c0000 - 0x000007feed3c3000 	C:\Program Files\Java\jre1.8.0_261\bin\api-ms-win-core-heap-l1-1-0.dll
0x000007feecfc0000 - 0x000007feecfc3000 	C:\Program Files\Java\jre1.8.0_261\bin\api-ms-win-core-interlocked-l1-1-0.dll
0x000007feecfb0000 - 0x000007feecfb3000 	C:\Program Files\Java\jre1.8.0_261\bin\api-ms-win-core-libraryloader-l1-1-0.dll
0x000007feecfa0000 - 0x000007feecfa3000 	C:\Program Files\Java\jre1.8.0_261\bin\api-ms-win-core-memory-l1-1-0.dll
0x000007feecf90000 - 0x000007feecf93000 	C:\Program Files\Java\jre1.8.0_261\bin\api-ms-win-core-namedpipe-l1-1-0.dll
0x000007feecf80000 - 0x000007feecf83000 	C:\Program Files\Java\jre1.8.0_261\bin\api-ms-win-core-processenvironment-l1-1-0.dll
0x000007feecf70000 - 0x000007feecf73000 	C:\Program Files\Java\jre1.8.0_261\bin\api-ms-win-core-processthreads-l1-1-0.dll
0x000007feecf60000 - 0x000007feecf63000 	C:\Program Files\Java\jre1.8.0_261\bin\api-ms-win-core-profile-l1-1-0.dll
0x000007feecf50000 - 0x000007feecf53000 	C:\Program Files\Java\jre1.8.0_261\bin\api-ms-win-core-rtlsupport-l1-1-0.dll
0x000007feecf40000 - 0x000007feecf43000 	C:\Program Files\Java\jre1.8.0_261\bin\api-ms-win-core-string-l1-1-0.dll
0x000007feecf30000 - 0x000007feecf33000 	C:\Program Files\Java\jre1.8.0_261\bin\api-ms-win-core-synch-l1-1-0.dll
0x000007feecf20000 - 0x000007feecf23000 	C:\Program Files\Java\jre1.8.0_261\bin\api-ms-win-core-synch-l1-2-0.dll
0x000007feecf10000 - 0x000007feecf13000 	C:\Program Files\Java\jre1.8.0_261\bin\api-ms-win-core-sysinfo-l1-1-0.dll
0x000007feecf00000 - 0x000007feecf03000 	C:\Program Files\Java\jre1.8.0_261\bin\api-ms-win-core-util-l1-1-0.dll
0x000007feecef0000 - 0x000007feecef3000 	C:\Program Files\Java\jre1.8.0_261\bin\api-ms-win-crt-conio-l1-1-0.dll
0x000007feecee0000 - 0x000007feecee5000 	C:\Program Files\Java\jre1.8.0_261\bin\api-ms-win-crt-multibyte-l1-1-0.dll
0x000007feeced0000 - 0x000007feecee0000 	C:\Program Files\Java\jre1.8.0_261\bin\api-ms-win-crt-private-l1-1-0.dll
0x000007feecdf0000 - 0x000007feecdf3000 	C:\Program Files\Java\jre1.8.0_261\bin\api-ms-win-crt-process-l1-1-0.dll
0x000007feecd90000 - 0x000007feecde1000 	C:\Program Files\Java\jre1.8.0_261\bin\concrt140.dll
0x000007feeba40000 - 0x000007feeba63000 	C:\Program Files\Java\jre1.8.0_261\bin\prism_d3d.dll
0x000007feeabe0000 - 0x000007feeaddf000 	C:\Windows\system32\d3d9.dll
0x000007fef5530000 - 0x000007fef5537000 	C:\Windows\system32\d3d8thk.dll
0x000007fef9b80000 - 0x000007fef9b98000 	C:\Windows\system32\dwmapi.dll
0x000007fefa040000 - 0x000007fefa096000 	C:\Windows\system32\uxtheme.dll
0x000007fee4f10000 - 0x000007fee5b30000 	C:\Windows\system32\igdumd64.dll
0x000007feea330000 - 0x000007feea375000 	C:\Program Files\Java\jre1.8.0_261\bin\glass.dll
0x000007fefe6e0000 - 0x000007fefe777000 	C:\Windows\system32\COMDLG32.dll
0x000007fefea80000 - 0x000007fefeb5b000 	C:\Windows\system32\OLEAUT32.dll
0x000007fefc920000 - 0x000007fefc92f000 	C:\Windows\system32\CRYPTBASE.dll
0x000007fedd430000 - 0x000007fedd4cb000 	C:\Program Files\Java\jre1.8.0_261\bin\glib-lite.dll
0x000007fedd340000 - 0x000007fedd421000 	C:\Program Files\Java\jre1.8.0_261\bin\gstreamer-lite.dll
0x000007fedd2b0000 - 0x000007fedd338000 	C:\Windows\system32\DSOUND.dll
0x000007fefb7f0000 - 0x000007fefb81c000 	C:\Windows\system32\POWRPROF.dll
0x000007fefe780000 - 0x000007fefe957000 	C:\Windows\system32\SETUPAPI.dll
0x000007fefca20000 - 0x000007fefca56000 	C:\Windows\system32\CFGMGR32.dll
0x000007fefcbb0000 - 0x000007fefcbca000 	C:\Windows\system32\DEVOBJ.dll
0x000007feea2b0000 - 0x000007feea2d7000 	C:\Program Files\Java\jre1.8.0_261\bin\jfxmedia.dll
0x000007feecd70000 - 0x000007feecd8c000 	C:\Program Files\Java\jre1.8.0_261\bin\net.dll
0x000007fefc100000 - 0x000007fefc155000 	C:\Windows\system32\mswsock.dll
0x000007fefc5c0000 - 0x000007fefc5c7000 	C:\Windows\System32\wship6.dll
0x000007feecd20000 - 0x000007feecd33000 	C:\Program Files\Java\jre1.8.0_261\bin\nio.dll
0x000007fefdc40000 - 0x000007fefdcd9000 	C:\Windows\system32\CLBCatQ.DLL
0x000007fefb670000 - 0x000007fefb79c000 	C:\Windows\system32\propsys.dll
0x000007fefb5e0000 - 0x000007fefb60d000 	C:\Windows\system32\ntmarta.dll
0x000007fefe680000 - 0x000007fefe6d2000 	C:\Windows\system32\WLDAP32.dll
0x000007fee9e80000 - 0x000007fee9eb1000 	C:\Program Files\Java\jre1.8.0_261\bin\fxplugins.dll
0x000007fefb7a0000 - 0x000007fefb7eb000 	C:\Windows\System32\MMDevApi.dll
0x000007feed370000 - 0x000007feed3bf000 	C:\Windows\system32\AUDIOSES.DLL
0x000007feeda90000 - 0x000007feedad1000 	C:\Windows\system32\qasf.dll
0x000007fef5390000 - 0x000007fef539d000 	C:\Windows\system32\msdmo.dll
0x000007feeda70000 - 0x000007feeda8c000 	C:\Windows\System32\mp3dmod.dll
0x000007feed070000 - 0x000007feed0dd000 	C:\Windows\system32\mfplat.DLL
0x000007fefb660000 - 0x000007fefb669000 	C:\Windows\system32\AVRT.dll
0x000007feea790000 - 0x000007feea944000 	C:\Windows\system32\quartz.dll
0x000007fed9fb0000 - 0x000007feda144000 	C:\Program Files\Java\jre1.8.0_261\bin\awt.dll
0x000007fefc160000 - 0x000007fefc178000 	C:\Windows\system32\CRYPTSP.dll
0x000007fefbe70000 - 0x000007fefbeb7000 	C:\Windows\system32\rsaenh.dll
0x000007fefcb80000 - 0x000007fefcb9f000 	C:\Windows\system32\USERENV.dll
0x000007fefb160000 - 0x000007fefb187000 	C:\Windows\system32\IPHLPAPI.DLL
0x000007fefb1d0000 - 0x000007fefb1db000 	C:\Windows\system32\WINNSI.DLL
0x000007fefb020000 - 0x000007fefb038000 	C:\Windows\system32\dhcpcsvc.DLL
0x000007fefb000000 - 0x000007fefb011000 	C:\Windows\system32\dhcpcsvc6.DLL
0x000007feea310000 - 0x000007feea324000 	C:\Program Files\Java\jre1.8.0_261\bin\javafx_font.dll
0x000007fef4fc0000 - 0x000007fef5158000 	C:\Windows\system32\dwrite.dll
0x000007fef9a10000 - 0x000007fef9b71000 	C:\Windows\system32\WindowsCodecs.dll
0x000007fefc850000 - 0x000007fefc8a7000 	C:\Windows\system32\apphelp.dll
0x000007feefc00000 - 0x000007feefc35000 	C:\Windows\system32\EhStorShell.dll
0x000007feefb80000 - 0x000007feefbfe000 	C:\Windows\System32\cscui.dll
0x000007feefb70000 - 0x000007feefb7c000 	C:\Windows\System32\CSCDLL.dll
0x000007fef0580000 - 0x000007fef058f000 	C:\Windows\system32\CSCAPI.dll
0x000007feefaf0000 - 0x000007feefb70000 	C:\Windows\system32\ntshrui.dll
0x000007fefc3b0000 - 0x000007fefc3d3000 	C:\Windows\system32\srvcli.dll
0x000007fefb2a0000 - 0x000007fefb2ab000 	C:\Windows\system32\slc.dll

VM Arguments:
jvm_args: -Dfile.encoding=Cp1252 
java_command: uet.oop.bomberman.BombermanGame
java_class_path (initial): C:\Users\Administrator\Documents\GitHub\BomberMan_btl\target\classes;C:\Users\Administrator\.m2\repository\org\openjfx\javafx-controls\15\javafx-controls-15.jar;C:\Users\Administrator\.m2\repository\org\openjfx\javafx-controls\15\javafx-controls-15-win.jar;C:\Users\Administrator\.m2\repository\org\openjfx\javafx-fxml\15\javafx-fxml-15.jar;C:\Users\Administrator\.m2\repository\org\openjfx\javafx-fxml\15\javafx-fxml-15-win.jar;C:\Users\Administrator\.m2\repository\org\openjfx\javafx-base\15\javafx-base-15.jar;C:\Users\Administrator\.m2\repository\org\openjfx\javafx-base\15\javafx-base-15-win.jar;C:\Users\Administrator\.m2\repository\org\openjfx\javafx-graphics\15\javafx-graphics-15.jar;C:\Users\Administrator\.m2\repository\org\openjfx\javafx-graphics\15\javafx-graphics-15-win.jar
Launcher Type: SUN_STANDARD

Environment Variables:
JAVA_HOME=C:\Program Files\Java\jdk-14.0.2
PATH=C:\Program Files (x86)\Common Files\Oracle\Java\javapath;C:\Windows\system32;C:\Windows;C:\Windows\System32\Wbem;C:\Windows\System32\WindowsPowerShell\v1.0\;C:\Program Files (x86)\Intel\OpenCL SDK\2.0\bin\x86;C:\Program Files (x86)\Intel\OpenCL SDK\2.0\bin\x64;C:\Program Files\Microsoft SQL Server\130\Tools\Binn\;C:\Program Files\Git\cmd;C:\Program Files\Java\jdk-14.0.2\bin; C:\Program Files\Java\jdk-14.0.2\bin\;C:\Program Files\JetBrains\IntelliJ IDEA Community Edition 2020.2.3\bin;;C:\Users\Administrator\AppData\Local\GitHubDesktop\bin
USERNAME=Administrator
OS=Windows_NT
PROCESSOR_IDENTIFIER=Intel64 Family 6 Model 42 Stepping 7, GenuineIntel



---------------  S Y S T E M  ---------------

OS: Windows 7 , 64 bit Build 7601 (6.1.7601.24524)

CPU:total 4 (initial active 4) (2 cores per cpu, 2 threads per core) family 6 model 42 stepping 7, cmov, cx8, fxsr, mmx, sse, sse2, sse3, ssse3, sse4.1, sse4.2, popcnt, avx, clmul, ht, tsc, tscinvbit

Memory: 4k page, physical 4099976k(585400k free), swap 12290076k(5244k free)

vm_info: Java HotSpot(TM) 64-Bit Server VM (25.261-b12) for windows-amd64 JRE (1.8.0_261-b12), built on Jun 18 2020 06:56:32 by "" with unknown MS VC++:1916

time: Tue Dec  1 22:03:49 2020
timezone: SE Asia Standard Time
elapsed time: 9 seconds (0d 0h 0m 9s)

